<?xml version="1.0" encoding="UTF-8"?>
<testsuite xmlns:xsi="http://www.w3.org/2001/XMLSchema-instance" xsi:noNamespaceSchemaLocation="https://maven.apache.org/surefire/maven-surefire-plugin/xsd/surefire-test-report-3.0.xsd" version="3.0" name="CalculadoraTest" time="0.047" tests="12" errors="0" skipped="0" failures="0">
  <properties>
[...]
</properties>
  <testcase name="deveDividirNumerosPositivos" classname="CalculadoraTest" time="0.017"/>
  <testcase name="deveMultiplicarNumerosPositivos" classname="CalculadoraTest" time="0.001"/>
  <testcase name="deveSomarNumerosNegativos" classname="CalculadoraTest" time="0.001"/>
  <testcase name="deveSubtrairComZero" classname="CalculadoraTest" time="0.0"/>
  <testcase name="deveSubtrairNumerosPositivos" classname="CalculadoraTest" time="0.0"/>
  <testcase name="deveMultiplicarPorZero" classname="CalculadoraTest" time="0.0"/>
  <testcase name="deveSomarComZero" classname="CalculadoraTest" time="0.0"/>
  <testcase name="deveDividirComResultadoDecimal" classname="CalculadoraTest" time="0.001"/>
  <testcase name="deveGerarErroAoDividirPorZero" classname="CalculadoraTest" time="0.002"/>
  <testcase name="deveSubtrairNumerosNegativos" classname="CalculadoraTest" time="0.002"/>
  <testcase name="deveMultiplicarNumeroNegativo" classname="CalculadoraTest" time="0.001"/>
  <testcase name="deveSomarNumerosPositivos" classname="CalculadoraTest" time="0.001"/>
</testsuite>